0 info it worked if it ends with ok
1 verbose cli [ '/Users/sbr/.nvm/versions/node/v6.11.0/bin/node',
1 verbose cli   '/Users/sbr/.nvm/versions/node/v6.11.0/bin/npm',
1 verbose cli   'run',
1 verbose cli   'test' ]
2 info using npm@3.10.10
3 info using node@v6.11.0
4 verbose run-script [ 'pretest', 'test', 'posttest' ]
5 info lifecycle molindo-node-logger@1.1.0~pretest: molindo-node-logger@1.1.0
6 silly lifecycle molindo-node-logger@1.1.0~pretest: no script for pretest, continuing
7 info lifecycle molindo-node-logger@1.1.0~test: molindo-node-logger@1.1.0
8 verbose lifecycle molindo-node-logger@1.1.0~test: unsafe-perm in lifecycle true
9 verbose lifecycle molindo-node-logger@1.1.0~test: PATH: /Users/sbr/.nvm/versions/node/v6.11.0/lib/node_modules/npm/bin/node-gyp-bin:/Users/sbr/Projects/molindo-node-logger/node_modules/.bin:/Users/sbr/.nvm/versions/node/v6.11.0/bin:/var/folders/bf/8kzhwf1j0bqg3hh0g7lbtk180000gn/T/yarn--1603175300980-0.514685758149797:/Users/sbr/Projects/molindo-node-logger/node_modules/.bin:/Users/sbr/.config/yarn/link/node_modules/.bin:/Users/sbr/.nvm/versions/node/v6.11.0/libexec/lib/node_modules/npm/bin/node-gyp-bin:/Users/sbr/.nvm/versions/node/v6.11.0/lib/node_modules/npm/bin/node-gyp-bin:/Users/sbr/.nvm/versions/node/v6.11.0/bin/node_modules/npm/bin/node-gyp-bin:/usr/local/opt/awscli@1/bin:/Users/sbr/.nvm/versions/node/v6.11.0/bin:/Users/sbr/.yarn/bin:/usr/local/bin:/usr/bin:/bin:/usr/sbin:/sbin
10 verbose lifecycle molindo-node-logger@1.1.0~test: CWD: /Users/sbr/Projects/molindo-node-logger
11 silly lifecycle molindo-node-logger@1.1.0~test: Args: [ '-c', 'jest' ]
12 silly lifecycle molindo-node-logger@1.1.0~test: Returned: code: 1  signal: null
13 info lifecycle molindo-node-logger@1.1.0~test: Failed to exec test script
14 verbose stack Error: molindo-node-logger@1.1.0 test: `jest`
14 verbose stack Exit status 1
14 verbose stack     at EventEmitter.<anonymous> (/Users/sbr/.nvm/versions/node/v6.11.0/lib/node_modules/npm/lib/utils/lifecycle.js:255:16)
14 verbose stack     at emitTwo (events.js:106:13)
14 verbose stack     at EventEmitter.emit (events.js:191:7)
14 verbose stack     at ChildProcess.<anonymous> (/Users/sbr/.nvm/versions/node/v6.11.0/lib/node_modules/npm/lib/utils/spawn.js:40:14)
14 verbose stack     at emitTwo (events.js:106:13)
14 verbose stack     at ChildProcess.emit (events.js:191:7)
14 verbose stack     at maybeClose (internal/child_process.js:891:16)
14 verbose stack     at Process.ChildProcess._handle.onexit (internal/child_process.js:226:5)
15 verbose pkgid molindo-node-logger@1.1.0
16 verbose cwd /Users/sbr/Projects/molindo-node-logger
17 error Darwin 19.5.0
18 error argv "/Users/sbr/.nvm/versions/node/v6.11.0/bin/node" "/Users/sbr/.nvm/versions/node/v6.11.0/bin/npm" "run" "test"
19 error node v6.11.0
20 error npm  v3.10.10
21 error code ELIFECYCLE
22 error molindo-node-logger@1.1.0 test: `jest`
22 error Exit status 1
23 error Failed at the molindo-node-logger@1.1.0 test script 'jest'.
23 error Make sure you have the latest version of node.js and npm installed.
23 error If you do, this is most likely a problem with the molindo-node-logger package,
23 error not with npm itself.
23 error Tell the author that this fails on your system:
23 error     jest
23 error You can get information on how to open an issue for this project with:
23 error     npm bugs molindo-node-logger
23 error Or if that isn't available, you can get their info via:
23 error     npm owner ls molindo-node-logger
23 error There is likely additional logging output above.
24 verbose exit [ 1, true ]
